06-08 20:52:52.948 [JavaFX Application Thread] INFO  com.wia.MainDirector - MainDirector instance setup the mainContainer. And set the welcome screen.
06-08 20:52:52.989 [JavaFX Application Thread] INFO  com.wia.view.ScreensContainer - load the WELCOME's fxml
06-08 20:52:56.829 [JavaFX Application Thread] INFO  com.wia.controller.WelcomeController - click on welcome's go button
06-08 20:52:56.830 [JavaFX Application Thread] INFO  com.wia.view.ScreensContainer - load the ROOTSTAGE's fxml
06-08 20:53:00.763 [JavaFX Application Thread] INFO  c.wia.controller.RootStageController - click rootstage's setting button
06-08 20:53:00.764 [JavaFX Application Thread] INFO  com.wia.view.ScreensContainer - load the setting's fxml
06-08 20:53:03.155 [JavaFX Application Thread] INFO  c.wia.controller.RootStageController - click rootstage's adduser button
06-08 20:53:05.209 [Thread-4] INFO  com.wia.controller.ImportAuthorTask - call a task to crawl null's info
06-08 20:53:05.214 [Thread-4] INFO  com.wia.Context - Context load the 'application.properties' file.
06-08 20:53:06.884 [JavaFX Application Thread] INFO  c.wia.controller.RootStageController - click rootstage's adduser button
06-08 20:53:34.449 [Thread-6] INFO  com.wia.controller.ImportAuthorTask - call a task to crawl null's info
06-08 20:53:35.322 [JavaFX Application Thread] INFO  c.wia.controller.RootStageController - click rootstage's submit button
06-08 20:53:35.325 [JavaFX Application Thread] INFO  com.wia.view.ScreensContainer - load the SHOWPROBLEM's fxml
06-08 20:53:49.090 [JavaFX Application Thread] INFO  com.wia.view.ScreensContainer - load the SUBMITCODE's fxml
06-08 20:54:12.043 [JavaFX Application Thread] INFO  c.wia.controller.RootStageController - click rootstage's adduser button
06-08 20:54:35.212 [Thread-13] INFO  com.wia.controller.ImportAuthorTask - call a task to crawl null's info
06-08 20:55:52.434 [JavaFX Application Thread] INFO  c.wia.controller.RootStageController - click rootstage's submit button
06-08 20:55:52.435 [JavaFX Application Thread] INFO  com.wia.view.ScreensContainer - load the SHOWPROBLEM's fxml
06-08 20:55:53.978 [JavaFX Application Thread] INFO  com.wia.view.ScreensContainer - load the SUBMITCODE's fxml
06-08 20:55:58.202 [JavaFX Application Thread] INFO  c.wia.controller.RootStageController - click rootstage's adduser button
06-08 20:56:01.794 [Thread-14] INFO  com.wia.controller.ImportAuthorTask - call a task to crawl 's info
06-08 20:56:06.682 [JavaFX Application Thread] INFO  c.wia.controller.RootStageController - click rootstage's adduser button
06-08 20:57:23.856 [Thread-15] INFO  com.wia.controller.ImportAuthorTask - call a task to crawl wdp515105's info
06-08 20:57:33.225 [JavaFX Application Thread] INFO  com.wia.view.ScreensContainer - load the strugglehistoryroot's fxml
06-08 20:57:33.272 [JavaFX Application Thread] INFO  com.wia.view.ScreensContainer - load the strugglehistorygeneral's fxml
06-08 20:57:33.504 [JavaFX Application Thread] INFO  c.w.c.StruggleHistoryGeneralController - show wdp515105's general info
06-08 21:01:25.784 [JavaFX Application Thread] INFO  c.wia.controller.RootStageController - click rootstage's adduser button
06-08 21:01:42.027 [Thread-16] INFO  com.wia.controller.ImportAuthorTask - call a task to crawl null's info
06-08 21:02:02.991 [JavaFX Application Thread] INFO  c.wia.controller.RootStageController - click rootstage's adduser button
06-08 21:02:23.352 [Thread-17] INFO  com.wia.controller.ImportAuthorTask - call a task to crawl null's info
06-08 21:02:25.264 [JavaFX Application Thread] INFO  c.wia.controller.RootStageController - click rootstage's adduser button
06-08 21:02:28.753 [Thread-18] INFO  com.wia.controller.ImportAuthorTask - call a task to crawl wdp515105's info
06-08 21:02:28.785 [JavaFX Application Thread] INFO  com.wia.view.ScreensContainer - load the strugglehistoryroot's fxml
06-08 21:02:28.791 [JavaFX Application Thread] INFO  com.wia.view.ScreensContainer - load the strugglehistorygeneral's fxml
06-08 21:02:29.089 [JavaFX Application Thread] INFO  c.w.c.StruggleHistoryGeneralController - show wdp515105's general info
06-08 21:04:38.950 [JavaFX Application Thread] INFO  c.wia.controller.RootStageController - click rootstage's adduser button
06-08 21:04:40.164 [Thread-19] INFO  com.wia.controller.ImportAuthorTask - call a task to crawl null's info
06-08 21:04:41.174 [JavaFX Application Thread] INFO  c.wia.controller.RootStageController - click rootstage's adduser button
06-08 21:05:10.316 [Thread-20] INFO  com.wia.controller.ImportAuthorTask - call a task to crawl null's info
06-08 21:14:41.311 [JavaFX Application Thread] INFO  com.wia.MainDirector - application was just closed.
